I0410 09:57:11.493423   18926 load.go:31] Reloading schema and connectors...
I0410 09:57:11.503256   18926 control.go:100] [projects/emulator/locations/emulator/services/eventify-5 66dd] UpdateResources(): done
Main schema: sources: schema/schema.gql [1992B] 
Connector "example": sources: example/mutations.gql [1243B] example/queries.gql [1801B] 
I0410 09:57:11.516559   18926 codegen.go:101] [connector "example" javascriptSdk] Generating sources into "/Users/ridhamgupta805gmail.com/Documents/Todo Assignment/eventify-5/src/dataconnect-generated"
I0410 09:57:11.522724   18926 collector.go:107] schema extensions wrote into "/Users/ridhamgupta805gmail.com/Documents/Todo Assignment/eventify-5/dataconnect/.dataconnect/schema"
Generated sources: prelude.gql [82799B] main/implicit.gql [1261B] main/input.gql [28927B] main/relation.gql [14318B] main/query.gql [5099B] main/mutation.gql [13679B] 
I0410 09:57:11.524215   18926 collector.go:107] connector "example" javascriptSdk wrote into "/Users/ridhamgupta805gmail.com/Documents/Todo Assignment/eventify-5/src/dataconnect-generated"
Generated sources: README.md [41108B] .guides/usage.md [1705B] .guides/setup.md [584B] esm/package.json [17B] index.cjs.js [5812B] package.json [615B] .guides/config.json [236B] index.d.ts [8426B] esm/index.esm.js [5268B] 
I0410 09:57:11.525278   18926 installsdk.go:55] Package @dataconnect/generated is already installed. Skipping installation
I0410 09:57:11.525340   18926 load.go:109] Finished reloading
I0410 09:57:11.525846   18926 dev.go:104] Listening on address (HTTP + gRPC): 127.0.0.1:9399
I0410 09:57:11.526225   18926 dev.go:104] Listening on address (HTTP + gRPC): [::1]:9399
I0410 09:57:14.895647   18926 migrate.go:24] Running migration SQL:
Step 1: CREATE EXTENSION IF NOT EXISTS "uuid-ossp"
Step 2: CREATE TABLE "public"."movie" ("id" uuid NOT NULL DEFAULT uuid_generate_v4(), "genre" text NULL, "image_url" text NOT NULL, "title" text NOT NULL, PRIMARY KEY ("id"))
Step 3: CREATE TABLE "public"."user" ("id" text NOT NULL, "username" character varying(50) NOT NULL, PRIMARY KEY ("id"))
Step 4: CREATE TABLE "public"."Reviews" ("movie_id" uuid NOT NULL, "user_id" text NOT NULL, "rating" integer NULL, "review_date" date NOT NULL, "review_text" text NULL, PRIMARY KEY ("movie_id", "user_id"), CONSTRAINT "Reviews_movie_id_fkey" FOREIGN KEY ("movie_id") REFERENCES "public"."movie" ("id") ON DELETE CASCADE, CONSTRAINT "Reviews_user_id_fkey" FOREIGN KEY ("user_id") REFERENCES "public"."user" ("id") ON DELETE CASCADE)
Step 5: CREATE INDEX "Reviews_movieId_idx" ON "public"."Reviews" ("movie_id")
Step 6: CREATE INDEX "Reviews_userId_idx" ON "public"."Reviews" ("user_id")
Step 7: CREATE TABLE "public"."movie_metadata" ("id" uuid NOT NULL DEFAULT uuid_generate_v4(), "movie_id" uuid NOT NULL, "description" text NULL, "rating" double precision NULL, "release_year" integer NULL, PRIMARY KEY ("id"), CONSTRAINT "movie_metadata_movie_id_fkey" FOREIGN KEY ("movie_id") REFERENCES "public"."movie" ("id") ON DELETE CASCADE)
Step 8: CREATE INDEX "movie_metadata_movieId_idx" ON "public"."movie_metadata" ("movie_id")
Step 9: CREATE UNIQUE INDEX "movie_metadata_movieId_uidx" ON "public"."movie_metadata" ("movie_id")
I0410 09:57:15.077716   18926 control.go:100] [projects/emulator/locations/emulator/services/eventify-5 0493] UpdateResources(): done
Main schema: sources: schema/schema.gql [1992B] 
Connector "example": sources: example/mutations.gql [1243B] example/queries.gql [1801B] 
I0410 09:57:15.082682   18926 configure_emulator.go:21] ConfigureEmulator successed
Request: service_id:  "eventify-5"
connection_string:  "postgres://127.0.0.1:5432/fdcdb?sslmode=disable"
database:  "fdcdb"

Response: 
